# JRE version: Java(TM) SE Runtime Environment (8.0_241-b07) (build 1.8.0_241-b07)
# Java VM: Java HotSpot(TM) 64-Bit Server VM (25.241-b07 mixed mode windows-amd64 compressed oops)
Heap:
 PSYoungGen      total 38400K, used 13425K [0x00000000d5f80000, 0x00000000daa00000, 0x0000000100000000)
  eden space 33280K, 27% used [0x00000000d5f80000,0x00000000d6880188,0x00000000d8000000)
  from space 5120K, 82% used [0x00000000d8000000,0x00000000d841c3c8,0x00000000d8500000)
  to   space 8704K, 0% used [0x00000000da180000,0x00000000da180000,0x00000000daa00000)
 ParOldGen       total 48640K, used 5558K [0x0000000081e00000, 0x0000000084d80000, 0x00000000d5f80000)
  object space 48640K, 11% used [0x0000000081e00000,0x000000008236d890,0x0000000084d80000)
 Metaspace       used 24253K, capacity 25528K, committed 25728K, reserved 1071104K
  class space    used 3121K, capacity 3372K, committed 3456K, reserved 1048576K
GC Heap History (10 events):
Event: 1.544 GC heap before
{Heap before GC invocations=4 (full 0):
 PSYoungGen      total 38400K, used 38394K [0x00000000d5f80000, 0x00000000d8a00000, 0x0000000100000000)
  eden space 33280K, 100% used [0x00000000d5f80000,0x00000000d8000000,0x00000000d8000000)
  from space 5120K, 99% used [0x00000000d8000000,0x00000000d84fe840,0x00000000d8500000)
  to   space 5120K, 0% used [0x00000000d8500000,0x00000000d8500000,0x00000000d8a00000)
 ParOldGen       total 87552K, used 3499K [0x0000000081e00000, 0x0000000087380000, 0x00000000d5f80000)
  object space 87552K, 3% used [0x0000000081e00000,0x000000008216af80,0x0000000087380000)
 Metaspace       used 18009K, capacity 18604K, committed 18944K, reserved 1064960K
  class space    used 2277K, capacity 2442K, committed 2560K, reserved 1048576K
Event: 1.550 GC heap after
Heap after GC invocations=4 (full 0):
 PSYoungGen      total 38400K, used 4296K [0x00000000d5f80000, 0x00000000d8a00000, 0x0000000100000000)
  eden space 33280K, 0% used [0x00000000d5f80000,0x00000000d5f80000,0x00000000d8000000)
  from space 5120K, 83% used [0x00000000d8500000,0x00000000d89323f0,0x00000000d8a00000)
  to   space 5120K, 0% used [0x00000000d8000000,0x00000000d8000000,0x00000000d8500000)
 ParOldGen       total 87552K, used 3507K [0x0000000081e00000, 0x0000000087380000, 0x00000000d5f80000)
  object space 87552K, 4% used [0x0000000081e00000,0x000000008216cf80,0x0000000087380000)
 Metaspace       used 18009K, capacity 18604K, committed 18944K, reserved 1064960K
  class space    used 2277K, capacity 2442K, committed 2560K, reserved 1048576K
}
Event: 2.129 GC heap before
{Heap before GC invocations=5 (full 0):
 PSYoungGen      total 38400K, used 37576K [0x00000000d5f80000, 0x00000000d8a00000, 0x0000000100000000)
  eden space 33280K, 100% used [0x00000000d5f80000,0x00000000d8000000,0x00000000d8000000)
  from space 5120K, 83% used [0x00000000d8500000,0x00000000d89323f0,0x00000000d8a00000)
  to   space 5120K, 0% used [0x00000000d8000000,0x00000000d8000000,0x00000000d8500000)
 ParOldGen       total 87552K, used 3507K [0x0000000081e00000, 0x0000000087380000, 0x00000000d5f80000)
  object space 87552K, 4% used [0x0000000081e00000,0x000000008216cf80,0x0000000087380000)
 Metaspace       used 19975K, capacity 20774K, committed 20992K, reserved 1067008K
  class space    used 2499K, capacity 2697K, committed 2816K, reserved 1048576K
Event: 2.140 GC heap after
Heap after GC invocations=5 (full 0):
 PSYoungGen      total 38400K, used 5118K [0x00000000d5f80000, 0x00000000d8a00000, 0x0000000100000000)
  eden space 33280K, 0% used [0x00000000d5f80000,0x00000000d5f80000,0x00000000d8000000)
  from space 5120K, 99% used [0x00000000d8000000,0x00000000d84ff848,0x00000000d8500000)
  to   space 5120K, 0% used [0x00000000d8500000,0x00000000d8500000,0x00000000d8a00000)
 ParOldGen       total 87552K, used 5599K [0x0000000081e00000, 0x0000000087380000, 0x00000000d5f80000)
  object space 87552K, 6% used [0x0000000081e00000,0x0000000082377eb0,0x0000000087380000)
 Metaspace       used 19975K, capacity 20774K, committed 20992K, reserved 1067008K
  class space    used 2499K, capacity 2697K, committed 2816K, reserved 1048576K
}
Event: 2.188 GC heap before
{Heap before GC invocations=6 (full 0):
 PSYoungGen      total 38400K, used 9311K [0x00000000d5f80000, 0x00000000d8a00000, 0x0000000100000000)
  eden space 33280K, 12% used [0x00000000d5f80000,0x00000000d63984b8,0x00000000d8000000)
  from space 5120K, 99% used [0x00000000d8000000,0x00000000d84ff848,0x00000000d8500000)
  to   space 5120K, 0% used [0x00000000d8500000,0x00000000d8500000,0x00000000d8a00000)
 ParOldGen       total 87552K, used 5599K [0x0000000081e00000, 0x0000000087380000, 0x00000000d5f80000)
  object space 87552K, 6% used [0x0000000081e00000,0x0000000082377eb0,0x0000000087380000)
 Metaspace       used 20366K, capacity 21160K, committed 21248K, reserved 1067008K
  class space    used 2545K, capacity 2734K, committed 2816K, reserved 1048576K
Event: 2.195 GC heap after
Heap after GC invocations=6 (full 0):
 PSYoungGen      total 38400K, used 5118K [0x00000000d5f80000, 0x00000000d8a00000, 0x0000000100000000)
  eden space 33280K, 0% used [0x00000000d5f80000,0x00000000d5f80000,0x00000000d8000000)
  from space 5120K, 99% used [0x00000000d8500000,0x00000000d89ff848,0x00000000d8a00000)
  to   space 5120K, 0% used [0x00000000d8000000,0x00000000d8000000,0x00000000d8500000)
 ParOldGen       total 87552K, used 6086K [0x0000000081e00000, 0x0000000087380000, 0x00000000d5f80000)
  object space 87552K, 6% used [0x0000000081e00000,0x00000000823f1998,0x0000000087380000)
 Metaspace       used 20366K, capacity 21160K, committed 21248K, reserved 1067008K
  class space    used 2545K, capacity 2734K, committed 2816K, reserved 1048576K
}
Event: 2.195 GC heap before
{Heap before GC invocations=7 (full 1):
 PSYoungGen      total 38400K, used 5118K [0x00000000d5f80000, 0x00000000d8a00000, 0x0000000100000000)
  eden space 33280K, 0% used [0x00000000d5f80000,0x00000000d5f80000,0x00000000d8000000)
  from space 5120K, 99% used [0x00000000d8500000,0x00000000d89ff848,0x00000000d8a00000)
  to   space 5120K, 0% used [0x00000000d8000000,0x00000000d8000000,0x00000000d8500000)
 ParOldGen       total 87552K, used 6086K [0x0000000081e00000, 0x0000000087380000, 0x00000000d5f80000)
  object space 87552K, 6% used [0x0000000081e00000,0x00000000823f1998,0x0000000087380000)
 Metaspace       used 20366K, capacity 21160K, committed 21248K, reserved 1067008K
  class space    used 2545K, capacity 2734K, committed 2816K, reserved 1048576K
Event: 2.232 GC heap after
Heap after GC invocations=7 (full 1):
 PSYoungGen      total 38400K, used 0K [0x00000000d5f80000, 0x00000000d8a00000, 0x0000000100000000)
  eden space 33280K, 0% used [0x00000000d5f80000,0x00000000d5f80000,0x00000000d8000000)
  from space 5120K, 0% used [0x00000000d8500000,0x00000000d8500000,0x00000000d8a00000)
  to   space 5120K, 0% used [0x00000000d8000000,0x00000000d8000000,0x00000000d8500000)
 ParOldGen       total 48640K, used 5550K [0x0000000081e00000, 0x0000000084d80000, 0x00000000d5f80000)
  object space 48640K, 11% used [0x0000000081e00000,0x000000008236b890,0x0000000084d80000)
 Metaspace       used 20366K, capacity 21160K, committed 21248K, reserved 1067008K
  class space    used 2545K, capacity 2734K, committed 2816K, reserved 1048576K
}
Event: 2.978 GC heap before
{Heap before GC invocations=8 (full 1):
 PSYoungGen      total 38400K, used 33280K [0x00000000d5f80000, 0x00000000d8a00000, 0x0000000100000000)
  eden space 33280K, 100% used [0x00000000d5f80000,0x00000000d8000000,0x00000000d8000000)
  from space 5120K, 0% used [0x00000000d8500000,0x00000000d8500000,0x00000000d8a00000)
  to   space 5120K, 0% used [0x00000000d8000000,0x00000000d8000000,0x00000000d8500000)
 ParOldGen       total 48640K, used 5550K [0x0000000081e00000, 0x0000000084d80000, 0x00000000d5f80000)
  object space 48640K, 11% used [0x0000000081e00000,0x000000008236b890,0x0000000084d80000)
 Metaspace       used 23248K, capacity 24438K, committed 24576K, reserved 1071104K
  class space    used 2981K, capacity 3219K, committed 3328K, reserved 1048576K
Event: 2.984 GC heap after
Heap after GC invocations=8 (full 1):
 PSYoungGen      total 38400K, used 4208K [0x00000000d5f80000, 0x00000000daa00000, 0x0000000100000000)
  eden space 33280K, 0% used [0x00000000d5f80000,0x00000000d5f80000,0x00000000d8000000)
  from space 5120K, 82% used [0x00000000d8000000,0x00000000d841c3c8,0x00000000d8500000)
  to   space 8704K, 0% used [0x00000000da180000,0x00000000da180000,0x00000000daa00000)
 ParOldGen       total 48640K, used 5558K [0x0000000081e00000, 0x0000000084d80000, 0x00000000d5f80000)
  object space 48640K, 11% used [0x0000000081e00000,0x000000008236d890,0x0000000084d80000)
 Metaspace       used 23248K, capacity 24438K, committed 24576K, reserved 1071104K
  class space    used 2981K, capacity 3219K, committed 3328K, reserved 1048576K
}

